# JRE version: Java(TM) SE Runtime Environment (8.0_201-b09) (build 1.8.0_201-b09)
# Java VM: Java HotSpot(TM) 64-Bit Server VM (25.201-b09 mixed mode windows-amd64 compressed oops)
Heap:
 PSYoungGen      total 335360K, used 162831K [0x000000076b700000, 0x0000000784c80000, 0x00000007c0000000)
  eden space 313344K, 51% used [0x000000076b700000,0x0000000775603ef8,0x000000077e900000)
  from space 22016K, 0% used [0x000000077fe80000,0x000000077fe80000,0x0000000781400000)
  to   space 22016K, 0% used [0x000000077e900000,0x000000077e900000,0x000000077fe80000)
 ParOldGen       total 189440K, used 33950K [0x00000006c2400000, 0x00000006cdd00000, 0x000000076b700000)
  object space 189440K, 17% used [0x00000006c2400000,0x00000006c4527be8,0x00000006cdd00000)
 Metaspace       used 62219K, capacity 65765K, committed 65920K, reserved 1105920K
  class space    used 8417K, capacity 9040K, committed 9088K, reserved 1048576K
GC Heap History (10 events):
Event: 18.902 GC heap before
{Heap before GC invocations=9 (full 2):
 PSYoungGen      total 183808K, used 172032K [0x000000076b700000, 0x0000000779480000, 0x00000007c0000000)
  eden space 172032K, 100% used [0x000000076b700000,0x0000000775f00000,0x0000000775f00000)
  from space 11776K, 0% used [0x0000000776b00000,0x0000000776b00000,0x0000000777680000)
  to   space 12288K, 0% used [0x0000000775f00000,0x0000000775f00000,0x0000000776b00000)
 ParOldGen       total 148992K, used 15414K [0x00000006c2400000, 0x00000006cb580000, 0x000000076b700000)
  object space 148992K, 10% used [0x00000006c2400000,0x00000006c330d9f8,0x00000006cb580000)
 Metaspace       used 41305K, capacity 43420K, committed 43648K, reserved 1087488K
  class space    used 5572K, capacity 5977K, committed 6016K, reserved 1048576K
Event: 18.932 GC heap after
Heap after GC invocations=9 (full 2):
 PSYoungGen      total 184320K, used 12265K [0x000000076b700000, 0x000000077c780000, 0x00000007c0000000)
  eden space 172032K, 0% used [0x000000076b700000,0x000000076b700000,0x0000000775f00000)
  from space 12288K, 99% used [0x0000000775f00000,0x0000000776afa750,0x0000000776b00000)
  to   space 13824K, 0% used [0x000000077ba00000,0x000000077ba00000,0x000000077c780000)
 ParOldGen       total 148992K, used 16248K [0x00000006c2400000, 0x00000006cb580000, 0x000000076b700000)
  object space 148992K, 10% used [0x00000006c2400000,0x00000006c33de048,0x00000006cb580000)
 Metaspace       used 41305K, capacity 43420K, committed 43648K, reserved 1087488K
  class space    used 5572K, capacity 5977K, committed 6016K, reserved 1048576K
}
Event: 22.043 GC heap before
{Heap before GC invocations=10 (full 2):
 PSYoungGen      total 184320K, used 184297K [0x000000076b700000, 0x000000077c780000, 0x00000007c0000000)
  eden space 172032K, 100% used [0x000000076b700000,0x0000000775f00000,0x0000000775f00000)
  from space 12288K, 99% used [0x0000000775f00000,0x0000000776afa750,0x0000000776b00000)
  to   space 13824K, 0% used [0x000000077ba00000,0x000000077ba00000,0x000000077c780000)
 ParOldGen       total 148992K, used 16248K [0x00000006c2400000, 0x00000006cb580000, 0x000000076b700000)
  object space 148992K, 10% used [0x00000006c2400000,0x00000006c33de048,0x00000006cb580000)
 Metaspace       used 46367K, capacity 49100K, committed 49280K, reserved 1091584K
  class space    used 6435K, capacity 6923K, committed 7040K, reserved 1048576K
Event: 22.061 GC heap after
Heap after GC invocations=10 (full 2):
 PSYoungGen      total 261120K, used 13796K [0x000000076b700000, 0x000000077c780000, 0x00000007c0000000)
  eden space 247296K, 0% used [0x000000076b700000,0x000000076b700000,0x000000077a880000)
  from space 13824K, 99% used [0x000000077ba00000,0x000000077c779278,0x000000077c780000)
  to   space 15872K, 0% used [0x000000077a880000,0x000000077a880000,0x000000077b800000)
 ParOldGen       total 148992K, used 18215K [0x00000006c2400000, 0x00000006cb580000, 0x000000076b700000)
  object space 148992K, 12% used [0x00000006c2400000,0x00000006c35c9f80,0x00000006cb580000)
 Metaspace       used 46367K, capacity 49100K, committed 49280K, reserved 1091584K
  class space    used 6435K, capacity 6923K, committed 7040K, reserved 1048576K
}
Event: 34.512 GC heap before
{Heap before GC invocations=11 (full 2):
 PSYoungGen      total 261120K, used 261092K [0x000000076b700000, 0x000000077c780000, 0x00000007c0000000)
  eden space 247296K, 100% used [0x000000076b700000,0x000000077a880000,0x000000077a880000)
  from space 13824K, 99% used [0x000000077ba00000,0x000000077c779278,0x000000077c780000)
  to   space 15872K, 0% used [0x000000077a880000,0x000000077a880000,0x000000077b800000)
 ParOldGen       total 148992K, used 18215K [0x00000006c2400000, 0x00000006cb580000, 0x000000076b700000)
  object space 148992K, 12% used [0x00000006c2400000,0x00000006c35c9f80,0x00000006cb580000)
 Metaspace       used 55245K, capacity 58426K, committed 58752K, reserved 1099776K
  class space    used 7669K, capacity 8236K, committed 8320K, reserved 1048576K
Event: 34.629 GC heap after
Heap after GC invocations=11 (full 2):
 PSYoungGen      total 263168K, used 15864K [0x000000076b700000, 0x0000000781400000, 0x00000007c0000000)
  eden space 247296K, 0% used [0x000000076b700000,0x000000076b700000,0x000000077a880000)
  from space 15872K, 99% used [0x000000077a880000,0x000000077b7fe070,0x000000077b800000)
  to   space 22016K, 0% used [0x000000077fe80000,0x000000077fe80000,0x0000000781400000)
 ParOldGen       total 148992K, used 29269K [0x00000006c2400000, 0x00000006cb580000, 0x000000076b700000)
  object space 148992K, 19% used [0x00000006c2400000,0x00000006c4095670,0x00000006cb580000)
 Metaspace       used 55245K, capacity 58426K, committed 58752K, reserved 1099776K
  class space    used 7669K, capacity 8236K, committed 8320K, reserved 1048576K
}
Event: 34.784 GC heap before
{Heap before GC invocations=12 (full 2):
 PSYoungGen      total 263168K, used 30604K [0x000000076b700000, 0x0000000781400000, 0x00000007c0000000)
  eden space 247296K, 5% used [0x000000076b700000,0x000000076c565128,0x000000077a880000)
  from space 15872K, 99% used [0x000000077a880000,0x000000077b7fe070,0x000000077b800000)
  to   space 22016K, 0% used [0x000000077fe80000,0x000000077fe80000,0x0000000781400000)
 ParOldGen       total 148992K, used 29269K [0x00000006c2400000, 0x00000006cb580000, 0x000000076b700000)
  object space 148992K, 19% used [0x00000006c2400000,0x00000006c4095670,0x00000006cb580000)
 Metaspace       used 55835K, capacity 58970K, committed 59096K, reserved 1099776K
  class space    used 7733K, capacity 8268K, committed 8320K, reserved 1048576K
Event: 34.822 GC heap after
Heap after GC invocations=12 (full 2):
 PSYoungGen      total 335360K, used 8177K [0x000000076b700000, 0x0000000784c80000, 0x00000007c0000000)
  eden space 313344K, 0% used [0x000000076b700000,0x000000076b700000,0x000000077e900000)
  from space 22016K, 37% used [0x000000077fe80000,0x000000078067c680,0x0000000781400000)
  to   space 22016K, 0% used [0x000000077e900000,0x000000077e900000,0x000000077fe80000)
 ParOldGen       total 148992K, used 37584K [0x00000006c2400000, 0x00000006cb580000, 0x000000076b700000)
  object space 148992K, 25% used [0x00000006c2400000,0x00000006c48b42a8,0x00000006cb580000)
 Metaspace       used 55835K, capacity 58970K, committed 59096K, reserved 1099776K
  class space    used 7733K, capacity 8268K, committed 8320K, reserved 1048576K
}
Event: 34.822 GC heap before
{Heap before GC invocations=13 (full 3):
 PSYoungGen      total 335360K, used 8177K [0x000000076b700000, 0x0000000784c80000, 0x00000007c0000000)
  eden space 313344K, 0% used [0x000000076b700000,0x000000076b700000,0x000000077e900000)
  from space 22016K, 37% used [0x000000077fe80000,0x000000078067c680,0x0000000781400000)
  to   space 22016K, 0% used [0x000000077e900000,0x000000077e900000,0x000000077fe80000)
 ParOldGen       total 148992K, used 37584K [0x00000006c2400000, 0x00000006cb580000, 0x000000076b700000)
  object space 148992K, 25% used [0x00000006c2400000,0x00000006c48b42a8,0x00000006cb580000)
 Metaspace       used 55835K, capacity 58970K, committed 59096K, reserved 1099776K
  class space    used 7733K, capacity 8268K, committed 8320K, reserved 1048576K
Event: 35.193 GC heap after
Heap after GC invocations=13 (full 3):
 PSYoungGen      total 335360K, used 0K [0x000000076b700000, 0x0000000784c80000, 0x00000007c0000000)
  eden space 313344K, 0% used [0x000000076b700000,0x000000076b700000,0x000000077e900000)
  from space 22016K, 0% used [0x000000077fe80000,0x000000077fe80000,0x0000000781400000)
  to   space 22016K, 0% used [0x000000077e900000,0x000000077e900000,0x000000077fe80000)
 ParOldGen       total 189440K, used 33950K [0x00000006c2400000, 0x00000006cdd00000, 0x000000076b700000)
  object space 189440K, 17% used [0x00000006c2400000,0x00000006c4527be8,0x00000006cdd00000)
 Metaspace       used 55835K, capacity 58970K, committed 59096K, reserved 1099776K
  class space    used 7733K, capacity 8268K, committed 8320K, reserved 1048576K
}

